[0.534s] Invoking command in '/home/charlarthebar/ros2_ws/build/my_robot_controller': PYTHONPATH=/home/charlarthebar/ros2_ws/build/my_robot_controller/prefix_override:/home/charlarthebar/.local/lib/python3.10/site-packages/colcon_core/task/python/colcon_distutils_commands:/home/charlarthebar/ros2_ws/install/my_robot_controller/lib/python3.10/site-packages:${PYTHONPATH} /usr/bin/python3 -W ignore:setup.py install is deprecated setup.py develop --editable --build-directory /home/charlarthebar/ros2_ws/build/my_robot_controller/build --no-deps symlink_data
[0.724s] running develop
[0.724s] /home/charlarthebar/.local/lib/python3.10/site-packages/setuptools/command/develop.py:42: EasyInstallDeprecationWarning: easy_install command is deprecated.
[0.724s] !!
[0.724s] 
[0.724s]         ********************************************************************************
[0.724s]         Please avoid running ``setup.py`` and ``easy_install``.
[0.724s]         Instead, use pypa/build, pypa/installer or other
[0.724s]         standards-based tools.
[0.724s] 
[0.724s]         See https://github.com/pypa/setuptools/issues/917 for details.
[0.724s]         ********************************************************************************
[0.724s] 
[0.724s] !!
[0.724s]   easy_install.initialize_options(self)
[0.845s] running egg_info
[0.854s] writing my_robot_controller.egg-info/PKG-INFO
[0.855s] writing dependency_links to my_robot_controller.egg-info/dependency_links.txt
[0.855s] writing entry points to my_robot_controller.egg-info/entry_points.txt
[0.855s] writing requirements to my_robot_controller.egg-info/requires.txt
[0.855s] writing top-level names to my_robot_controller.egg-info/top_level.txt
[0.877s] reading manifest file 'my_robot_controller.egg-info/SOURCES.txt'
[0.878s] writing manifest file 'my_robot_controller.egg-info/SOURCES.txt'
[0.887s] running build_ext
[0.887s] Creating /home/charlarthebar/ros2_ws/install/my_robot_controller/lib/python3.10/site-packages/my-robot-controller.egg-link (link to .)
[0.888s] Installing draw_circle script to /home/charlarthebar/ros2_ws/install/my_robot_controller/lib/my_robot_controller
[0.888s] Installing pose_subscriber script to /home/charlarthebar/ros2_ws/install/my_robot_controller/lib/my_robot_controller
[0.888s] Installing test_node script to /home/charlarthebar/ros2_ws/install/my_robot_controller/lib/my_robot_controller
[0.888s] Installing turtle_controller script to /home/charlarthebar/ros2_ws/install/my_robot_controller/lib/my_robot_controller
[0.888s] 
[0.888s] Installed /home/charlarthebar/ros2_ws/build/my_robot_controller
[0.888s] running symlink_data
[0.908s] Invoked command in '/home/charlarthebar/ros2_ws/build/my_robot_controller' returned '0': PYTHONPATH=/home/charlarthebar/ros2_ws/build/my_robot_controller/prefix_override:/home/charlarthebar/.local/lib/python3.10/site-packages/colcon_core/task/python/colcon_distutils_commands:/home/charlarthebar/ros2_ws/install/my_robot_controller/lib/python3.10/site-packages:${PYTHONPATH} /usr/bin/python3 -W ignore:setup.py install is deprecated setup.py develop --editable --build-directory /home/charlarthebar/ros2_ws/build/my_robot_controller/build --no-deps symlink_data
