[0.532s] Invoking command in '/home/charlarthebar/ros2_ws/build/my_robot_controller': PYTHONPATH=/home/charlarthebar/ros2_ws/build/my_robot_controller/prefix_override:/home/charlarthebar/.local/lib/python3.10/site-packages/colcon_core/task/python/colcon_distutils_commands:/home/charlarthebar/ros2_ws/install/my_robot_controller/lib/python3.10/site-packages:${PYTHONPATH} /usr/bin/python3 -W ignore:setup.py install is deprecated setup.py develop --editable --build-directory /home/charlarthebar/ros2_ws/build/my_robot_controller/build --no-deps symlink_data --force
[0.710s] running develop
[0.712s] /home/charlarthebar/.local/lib/python3.10/site-packages/setuptools/command/develop.py:42: EasyInstallDeprecationWarning: easy_install command is deprecated.
[0.712s] !!
[0.712s] 
[0.712s]         ********************************************************************************
[0.712s]         Please avoid running ``setup.py`` and ``easy_install``.
[0.713s]         Instead, use pypa/build, pypa/installer or other
[0.713s]         standards-based tools.
[0.713s] 
[0.713s]         See https://github.com/pypa/setuptools/issues/917 for details.
[0.713s]         ********************************************************************************
[0.713s] 
[0.713s] !!
[0.713s]   easy_install.initialize_options(self)
[0.828s] running egg_info
[0.836s] writing my_robot_controller.egg-info/PKG-INFO
[0.836s] writing dependency_links to my_robot_controller.egg-info/dependency_links.txt
[0.837s] writing entry points to my_robot_controller.egg-info/entry_points.txt
[0.837s] writing requirements to my_robot_controller.egg-info/requires.txt
[0.837s] writing top-level names to my_robot_controller.egg-info/top_level.txt
[0.861s] reading manifest file 'my_robot_controller.egg-info/SOURCES.txt'
[0.862s] writing manifest file 'my_robot_controller.egg-info/SOURCES.txt'
[0.870s] running build_ext
[0.871s] Creating /home/charlarthebar/ros2_ws/install/my_robot_controller/lib/python3.10/site-packages/my-robot-controller.egg-link (link to .)
[0.871s] Installing test_node script to /home/charlarthebar/ros2_ws/install/my_robot_controller/lib/my_robot_controller
[0.871s] 
[0.871s] Installed /home/charlarthebar/ros2_ws/build/my_robot_controller
[0.871s] running symlink_data
[0.871s] symbolically linking /home/charlarthebar/ros2_ws/build/my_robot_controller/resource/my_robot_controller -> /home/charlarthebar/ros2_ws/install/my_robot_controller/share/ament_index/resource_index/packages
[0.872s] symbolically linking /home/charlarthebar/ros2_ws/build/my_robot_controller/package.xml -> /home/charlarthebar/ros2_ws/install/my_robot_controller/share/my_robot_controller
[0.893s] Invoked command in '/home/charlarthebar/ros2_ws/build/my_robot_controller' returned '0': PYTHONPATH=/home/charlarthebar/ros2_ws/build/my_robot_controller/prefix_override:/home/charlarthebar/.local/lib/python3.10/site-packages/colcon_core/task/python/colcon_distutils_commands:/home/charlarthebar/ros2_ws/install/my_robot_controller/lib/python3.10/site-packages:${PYTHONPATH} /usr/bin/python3 -W ignore:setup.py install is deprecated setup.py develop --editable --build-directory /home/charlarthebar/ros2_ws/build/my_robot_controller/build --no-deps symlink_data --force
