[0.834s] Invoking command in '/home/charlarthebar/ros2_ws/build/my_robot_controller': PYTHONPATH=/home/charlarthebar/ros2_ws/build/my_robot_controller/prefix_override:/home/charlarthebar/.local/lib/python3.10/site-packages/colcon_core/task/python/colcon_distutils_commands:/home/charlarthebar/ros2_ws/install/my_robot_controller/lib/python3.10/site-packages:${PYTHONPATH} /usr/bin/python3 -W ignore:setup.py install is deprecated setup.py develop --editable --build-directory /home/charlarthebar/ros2_ws/build/my_robot_controller/build --no-deps symlink_data
[1.018s] running develop
[1.018s] /home/charlarthebar/.local/lib/python3.10/site-packages/setuptools/command/develop.py:42: EasyInstallDeprecationWarning: easy_install command is deprecated.
[1.018s] !!
[1.018s] 
[1.018s]         ********************************************************************************
[1.019s]         Please avoid running ``setup.py`` and ``easy_install``.
[1.019s]         Instead, use pypa/build, pypa/installer or other
[1.019s]         standards-based tools.
[1.019s] 
[1.019s]         See https://github.com/pypa/setuptools/issues/917 for details.
[1.019s]         ********************************************************************************
[1.019s] 
[1.019s] !!
[1.019s]   easy_install.initialize_options(self)
[1.142s] running egg_info
[1.152s] writing my_robot_controller.egg-info/PKG-INFO
[1.153s] writing dependency_links to my_robot_controller.egg-info/dependency_links.txt
[1.153s] writing entry points to my_robot_controller.egg-info/entry_points.txt
[1.153s] writing requirements to my_robot_controller.egg-info/requires.txt
[1.153s] writing top-level names to my_robot_controller.egg-info/top_level.txt
[1.176s] reading manifest file 'my_robot_controller.egg-info/SOURCES.txt'
[1.177s] writing manifest file 'my_robot_controller.egg-info/SOURCES.txt'
[1.186s] running build_ext
[1.186s] Creating /home/charlarthebar/ros2_ws/install/my_robot_controller/lib/python3.10/site-packages/my-robot-controller.egg-link (link to .)
[1.187s] Installing draw_circle script to /home/charlarthebar/ros2_ws/install/my_robot_controller/lib/my_robot_controller
[1.187s] Installing pose_subscriber script to /home/charlarthebar/ros2_ws/install/my_robot_controller/lib/my_robot_controller
[1.187s] Installing test_node script to /home/charlarthebar/ros2_ws/install/my_robot_controller/lib/my_robot_controller
[1.188s] 
[1.188s] Installed /home/charlarthebar/ros2_ws/build/my_robot_controller
[1.188s] running symlink_data
[1.211s] Invoked command in '/home/charlarthebar/ros2_ws/build/my_robot_controller' returned '0': PYTHONPATH=/home/charlarthebar/ros2_ws/build/my_robot_controller/prefix_override:/home/charlarthebar/.local/lib/python3.10/site-packages/colcon_core/task/python/colcon_distutils_commands:/home/charlarthebar/ros2_ws/install/my_robot_controller/lib/python3.10/site-packages:${PYTHONPATH} /usr/bin/python3 -W ignore:setup.py install is deprecated setup.py develop --editable --build-directory /home/charlarthebar/ros2_ws/build/my_robot_controller/build --no-deps symlink_data
