[1.244s] Invoking command in '/home/charlarthebar/ros2_ws/src/my_robot_controller': PYTHONPATH=/home/charlarthebar/ros2_ws/build/my_robot_controller/prefix_override:/home/charlarthebar/.local/lib/python3.10/site-packages/colcon_core/task/python/colcon_distutils_commands:/home/charlarthebar/ros2_ws/install/my_robot_controller/lib/python3.10/site-packages:${PYTHONPATH} /usr/bin/python3 -W ignore:setup.py install is deprecated setup.py egg_info --egg-base ../../build/my_robot_controller build --build-base /home/charlarthebar/ros2_ws/build/my_robot_controller/build install --record /home/charlarthebar/ros2_ws/build/my_robot_controller/install.log --single-version-externally-managed install_data
[1.390s] running egg_info
[1.390s] creating ../../build/my_robot_controller/my_robot_controller.egg-info
[1.398s] writing ../../build/my_robot_controller/my_robot_controller.egg-info/PKG-INFO
[1.398s] writing dependency_links to ../../build/my_robot_controller/my_robot_controller.egg-info/dependency_links.txt
[1.398s] writing requirements to ../../build/my_robot_controller/my_robot_controller.egg-info/requires.txt
[1.399s] writing top-level names to ../../build/my_robot_controller/my_robot_controller.egg-info/top_level.txt
[1.399s] writing manifest file '../../build/my_robot_controller/my_robot_controller.egg-info/SOURCES.txt'
[1.421s] reading manifest file '../../build/my_robot_controller/my_robot_controller.egg-info/SOURCES.txt'
[1.421s] writing manifest file '../../build/my_robot_controller/my_robot_controller.egg-info/SOURCES.txt'
[1.421s] running build
[1.421s] running build_py
[1.421s] creating /home/charlarthebar/ros2_ws/build/my_robot_controller/build
[1.422s] creating /home/charlarthebar/ros2_ws/build/my_robot_controller/build/lib
[1.422s] creating /home/charlarthebar/ros2_ws/build/my_robot_controller/build/lib/my_robot_controller
[1.422s] copying my_robot_controller/__init__.py -> /home/charlarthebar/ros2_ws/build/my_robot_controller/build/lib/my_robot_controller
[1.422s] running install
[1.426s] running install_lib
[1.439s] creating /home/charlarthebar/ros2_ws/install/my_robot_controller/lib/python3.10/site-packages/my_robot_controller
[1.439s] copying /home/charlarthebar/ros2_ws/build/my_robot_controller/build/lib/my_robot_controller/__init__.py -> /home/charlarthebar/ros2_ws/install/my_robot_controller/lib/python3.10/site-packages/my_robot_controller
[1.444s] byte-compiling /home/charlarthebar/ros2_ws/install/my_robot_controller/lib/python3.10/site-packages/my_robot_controller/__init__.py to __init__.cpython-310.pyc
[1.444s] running install_data
[1.444s] creating /home/charlarthebar/ros2_ws/install/my_robot_controller/share/ament_index
[1.444s] creating /home/charlarthebar/ros2_ws/install/my_robot_controller/share/ament_index/resource_index
[1.444s] creating /home/charlarthebar/ros2_ws/install/my_robot_controller/share/ament_index/resource_index/packages
[1.445s] copying resource/my_robot_controller -> /home/charlarthebar/ros2_ws/install/my_robot_controller/share/ament_index/resource_index/packages
[1.445s] copying package.xml -> /home/charlarthebar/ros2_ws/install/my_robot_controller/share/my_robot_controller
[1.446s] running install_egg_info
[1.474s] Copying ../../build/my_robot_controller/my_robot_controller.egg-info to /home/charlarthebar/ros2_ws/install/my_robot_controller/lib/python3.10/site-packages/my_robot_controller-0.0.0-py3.10.egg-info
[1.474s] running install_scripts
[1.556s] writing list of installed files to '/home/charlarthebar/ros2_ws/build/my_robot_controller/install.log'
[1.573s] Invoked command in '/home/charlarthebar/ros2_ws/src/my_robot_controller' returned '0': PYTHONPATH=/home/charlarthebar/ros2_ws/build/my_robot_controller/prefix_override:/home/charlarthebar/.local/lib/python3.10/site-packages/colcon_core/task/python/colcon_distutils_commands:/home/charlarthebar/ros2_ws/install/my_robot_controller/lib/python3.10/site-packages:${PYTHONPATH} /usr/bin/python3 -W ignore:setup.py install is deprecated setup.py egg_info --egg-base ../../build/my_robot_controller build --build-base /home/charlarthebar/ros2_ws/build/my_robot_controller/build install --record /home/charlarthebar/ros2_ws/build/my_robot_controller/install.log --single-version-externally-managed install_data
