[0.891s] Invoking command in '/home/charlarthebar/ros2_ws/src/my_robot_controller': PYTHONPATH=/home/charlarthebar/ros2_ws/build/my_robot_controller/prefix_override:/home/charlarthebar/.local/lib/python3.10/site-packages/colcon_core/task/python/colcon_distutils_commands:/home/charlarthebar/ros2_ws/install/my_robot_controller/lib/python3.10/site-packages:${PYTHONPATH} /usr/bin/python3 -W ignore:setup.py install is deprecated setup.py egg_info --egg-base ../../build/my_robot_controller build --build-base /home/charlarthebar/ros2_ws/build/my_robot_controller/build install --record /home/charlarthebar/ros2_ws/build/my_robot_controller/install.log --single-version-externally-managed install_data
[1.037s] running egg_info
[1.045s] writing ../../build/my_robot_controller/my_robot_controller.egg-info/PKG-INFO
[1.048s] writing dependency_links to ../../build/my_robot_controller/my_robot_controller.egg-info/dependency_links.txt
[1.049s] writing entry points to ../../build/my_robot_controller/my_robot_controller.egg-info/entry_points.txt
[1.049s] writing requirements to ../../build/my_robot_controller/my_robot_controller.egg-info/requires.txt
[1.049s] writing top-level names to ../../build/my_robot_controller/my_robot_controller.egg-info/top_level.txt
[1.067s] reading manifest file '../../build/my_robot_controller/my_robot_controller.egg-info/SOURCES.txt'
[1.067s] writing manifest file '../../build/my_robot_controller/my_robot_controller.egg-info/SOURCES.txt'
[1.068s] running build
[1.068s] running build_py
[1.069s] copying my_robot_controller/my_first_node.py -> /home/charlarthebar/ros2_ws/build/my_robot_controller/build/lib/my_robot_controller
[1.069s] copying my_robot_controller/__init__.py -> /home/charlarthebar/ros2_ws/build/my_robot_controller/build/lib/my_robot_controller
[1.069s] running install
[1.072s] running install_lib
[1.081s] copying /home/charlarthebar/ros2_ws/build/my_robot_controller/build/lib/my_robot_controller/my_first_node.py -> /home/charlarthebar/ros2_ws/install/my_robot_controller/lib/python3.10/site-packages/my_robot_controller
[1.082s] byte-compiling /home/charlarthebar/ros2_ws/install/my_robot_controller/lib/python3.10/site-packages/my_robot_controller/my_first_node.py to my_first_node.cpython-310.pyc
[1.082s] running install_data
[1.082s] copying resource/my_robot_controller -> /home/charlarthebar/ros2_ws/install/my_robot_controller/share/ament_index/resource_index/packages
[1.082s] copying package.xml -> /home/charlarthebar/ros2_ws/install/my_robot_controller/share/my_robot_controller
[1.082s] running install_egg_info
[1.091s] removing '/home/charlarthebar/ros2_ws/install/my_robot_controller/lib/python3.10/site-packages/my_robot_controller-0.0.0-py3.10.egg-info' (and everything under it)
[1.093s] Copying ../../build/my_robot_controller/my_robot_controller.egg-info to /home/charlarthebar/ros2_ws/install/my_robot_controller/lib/python3.10/site-packages/my_robot_controller-0.0.0-py3.10.egg-info
[1.093s] running install_scripts
[1.169s] Installing test_node script to /home/charlarthebar/ros2_ws/install/my_robot_controller/lib/my_robot_controller
[1.171s] writing list of installed files to '/home/charlarthebar/ros2_ws/build/my_robot_controller/install.log'
[1.187s] Invoked command in '/home/charlarthebar/ros2_ws/src/my_robot_controller' returned '0': PYTHONPATH=/home/charlarthebar/ros2_ws/build/my_robot_controller/prefix_override:/home/charlarthebar/.local/lib/python3.10/site-packages/colcon_core/task/python/colcon_distutils_commands:/home/charlarthebar/ros2_ws/install/my_robot_controller/lib/python3.10/site-packages:${PYTHONPATH} /usr/bin/python3 -W ignore:setup.py install is deprecated setup.py egg_info --egg-base ../../build/my_robot_controller build --build-base /home/charlarthebar/ros2_ws/build/my_robot_controller/build install --record /home/charlarthebar/ros2_ws/build/my_robot_controller/install.log --single-version-externally-managed install_data
